[debug] [2023-02-03T17:35:40.245Z] ----------------------------------------------------------------------
[debug] [2023-02-03T17:35:40.247Z] Command:       /opt/homebrew/Cellar/node/19.3.0/bin/node /opt/homebrew/bin/firebase emulators:start
[debug] [2023-02-03T17:35:40.247Z] CLI Version:   11.22.0
[debug] [2023-02-03T17:35:40.247Z] Platform:      darwin
[debug] [2023-02-03T17:35:40.247Z] Node Version:  v19.3.0
[debug] [2023-02-03T17:35:40.247Z] Time:          Fri Feb 03 2023 23:05:40 GMT+0530 (India Standard Time)
[debug] [2023-02-03T17:35:40.247Z] ----------------------------------------------------------------------
[debug] 
[debug] [2023-02-03T17:35:40.291Z] > command requires scopes: ["email","openid","https://www.googleapis.com/auth/cloudplatformprojects.readonly","https://www.googleapis.com/auth/firebase","https://www.googleapis.com/auth/cloud-platform"]
[debug] [2023-02-03T17:35:40.291Z] > authorizing via signed-in user (aryaanahuja14@gmail.com)
[info] i  emulators: Starting emulators: hosting {"metadata":{"emulator":{"name":"hub"},"message":"Starting emulators: hosting"}}
[debug] [2023-02-03T17:35:40.470Z] [logging] Logging Emulator only supports listening on one address (127.0.0.1). Not listening on ::1
[warn] ⚠  hosting: Hosting Emulator unable to start on port 5000, starting on 5002 instead. {"metadata":{"emulator":{"name":"hosting"},"message":"Hosting Emulator unable to start on port 5000, starting on 5002 instead."}}
[debug] [2023-02-03T17:35:40.470Z] [hosting] Hosting Emulator only supports listening on one address (127.0.0.1). Not listening on ::1
[debug] [2023-02-03T17:35:40.470Z] assigned listening specs for emulators {"user":{"hub":[{"address":"127.0.0.1","family":"IPv4","port":4400},{"address":"::1","family":"IPv6","port":4400}],"logging":[{"address":"127.0.0.1","family":"IPv4","port":4500}],"hosting":[{"address":"127.0.0.1","family":"IPv4","port":5002}]},"metadata":{"message":"assigned listening specs for emulators"}}
[debug] [2023-02-03T17:35:40.475Z] [hub] writing locator at /var/folders/6k/352_54tx0sj1_jz1l15bq7380000gn/T/hub-movx-62c76.json
[debug] [2023-02-03T17:35:40.481Z] > refreshing access token with scopes: []
[debug] [2023-02-03T17:35:40.481Z] >>> [apiv2][query] POST https://www.googleapis.com/oauth2/v3/token [none]
[debug] [2023-02-03T17:35:40.482Z] >>> [apiv2][body] POST https://www.googleapis.com/oauth2/v3/token [omitted]
[debug] [2023-02-03T17:35:40.695Z] <<< [apiv2][status] POST https://www.googleapis.com/oauth2/v3/token 200
[debug] [2023-02-03T17:35:40.695Z] <<< [apiv2][body] POST https://www.googleapis.com/oauth2/v3/token [omitted]
[debug] [2023-02-03T17:35:40.707Z] >>> [apiv2][query] GET https://firebasehosting.googleapis.com/v1beta1/projects/movx-62c76/sites 
[debug] [2023-02-03T17:35:42.021Z] <<< [apiv2][status] GET https://firebasehosting.googleapis.com/v1beta1/projects/movx-62c76/sites 200
[debug] [2023-02-03T17:35:42.022Z] <<< [apiv2][body] GET https://firebasehosting.googleapis.com/v1beta1/projects/movx-62c76/sites {"sites":[{"name":"projects/movx-62c76/sites/movx-62c76","defaultUrl":"https://movx-62c76.web.app","type":"DEFAULT_SITE"}]}
[debug] [2023-02-03T17:35:42.023Z] >>> [apiv2][query] GET https://firebase.googleapis.com/v1beta1/projects/movx-62c76/webApps/-/config [none]
[debug] [2023-02-03T17:35:43.024Z] <<< [apiv2][status] GET https://firebase.googleapis.com/v1beta1/projects/movx-62c76/webApps/-/config 200
[debug] [2023-02-03T17:35:43.024Z] <<< [apiv2][body] GET https://firebase.googleapis.com/v1beta1/projects/movx-62c76/webApps/-/config {"projectId":"movx-62c76","storageBucket":"movx-62c76.appspot.com","apiKey":"AIzaSyBLkgjWCm5O65gL3fICuaVFGPFgQKnjS2U","authDomain":"movx-62c76.firebaseapp.com","messagingSenderId":"927636223500"}
[debug] [2023-02-03T17:35:43.034Z] >>> [apiv2][query] GET https://firebase.googleapis.com/v1beta1/projects/movx-62c76 [none]
[debug] [2023-02-03T17:35:43.615Z] <<< [apiv2][status] GET https://firebase.googleapis.com/v1beta1/projects/movx-62c76 200
[debug] [2023-02-03T17:35:43.615Z] <<< [apiv2][body] GET https://firebase.googleapis.com/v1beta1/projects/movx-62c76 {"projectId":"movx-62c76","projectNumber":"927636223500","displayName":"movx","name":"projects/movx-62c76","resources":{"hostingSite":"movx-62c76"},"state":"ACTIVE","etag":"1_8448968e-4dfd-4675-895f-f58c31c01dea"}
[info] i  hosting[movx-62c76]: Serving hosting files from: dist {"metadata":{"emulator":{"name":"hosting"},"message":"Serving hosting files from: \u001b[1mdist\u001b[22m"}}
[info] ✔  hosting[movx-62c76]: Local server: http://127.0.0.1:5002 {"metadata":{"emulator":{"name":"hosting"},"message":"Local server: \u001b[4m\u001b[1mhttp://127.0.0.1:5002\u001b[22m\u001b[24m"}}
[warn] ⚠  emulators: The Emulator UI is not starting, either because none of the emulated products have an interaction layer in Emulator UI or it cannot determine the Project ID. Pass the --project flag to specify a project. {"metadata":{"emulator":{"name":"hub"},"message":"The Emulator UI is not starting, either because none of the emulated products have an interaction layer in Emulator UI or it cannot determine the Project ID. Pass the --project flag to specify a project."}}
[info] 
┌─────────────────────────────────────────────────────────────┐
│ ✔  All emulators ready! It is now safe to connect your app. │
└─────────────────────────────────────────────────────────────┘

┌──────────┬────────────────┐
│ Emulator │ Host:Port      │
├──────────┼────────────────┤
│ Hosting  │ 127.0.0.1:5002 │
└──────────┴────────────────┘
  Emulator Hub running at 127.0.0.1:4400
  Other reserved ports: 4500

Issues? Report them at https://github.com/firebase/firebase-tools/issues and attach the *-debug.log files.
 
